2018/12/11 18:18:48 [error] [exception.CHttpException.404] exception 'CHttpException' with message 'Unable to resolve the request "wp/wp-includes/wlwmanifest.xml".' in /home/rcomaz5/public_html/kibrit.tech/yoo/framework/web/CUrlManager.php:374
Stack trace:
#0 /home/rcomaz5/public_html/kibrit.tech/yoo/framework/web/CWebApplication.php(140): CUrlManager->parseUrl(Object(CHttpRequest))
#1 /home/rcomaz5/public_html/kibrit.tech/yoo/framework/base/CApplication.php(180): CWebApplication->processRequest()
#2 /home/rcomaz5/public_html/kibrit.tech/index.php(129): CApplication->run()
#3 {main}
REQUEST_URI=/wp/wp-includes/wlwmanifest.xml
---
2018/12/11 18:18:48 [error] [exception.CHttpException.404] exception 'CHttpException' with message 'Unable to resolve the request "site/wp-includes/wlwmanifest.xml".' in /home/rcomaz5/public_html/kibrit.tech/yoo/framework/web/CUrlManager.php:374
Stack trace:
#0 /home/rcomaz5/public_html/kibrit.tech/yoo/framework/web/CWebApplication.php(140): CUrlManager->parseUrl(Object(CHttpRequest))
#1 /home/rcomaz5/public_html/kibrit.tech/yoo/framework/base/CApplication.php(180): CWebApplication->processRequest()
#2 /home/rcomaz5/public_html/kibrit.tech/index.php(129): CApplication->run()
#3 {main}
REQUEST_URI=/site/wp-includes/wlwmanifest.xml
---
2018/12/11 18:18:49 [error] [exception.CHttpException.404] exception 'CHttpException' with message 'Unable to resolve the request "cms/wp-includes/wlwmanifest.xml".' in /home/rcomaz5/public_html/kibrit.tech/yoo/framework/web/CUrlManager.php:374
Stack trace:
#0 /home/rcomaz5/public_html/kibrit.tech/yoo/framework/web/CWebApplication.php(140): CUrlManager->parseUrl(Object(CHttpRequest))
#1 /home/rcomaz5/public_html/kibrit.tech/yoo/framework/base/CApplication.php(180): CWebApplication->processRequest()
#2 /home/rcomaz5/public_html/kibrit.tech/index.php(129): CApplication->run()
#3 {main}
REQUEST_URI=/cms/wp-includes/wlwmanifest.xml
---
2018/12/11 18:55:04 [error] [exception.CHttpException.404] exception 'CHttpException' with message 'Unable to resolve the request ".env".' in /home/rcomaz5/public_html/kibrit.tech/yoo/framework/web/CUrlManager.php:374
Stack trace:
#0 /home/rcomaz5/public_html/kibrit.tech/yoo/framework/web/CWebApplication.php(140): CUrlManager->parseUrl(Object(CHttpRequest))
#1 /home/rcomaz5/public_html/kibrit.tech/yoo/framework/base/CApplication.php(180): CWebApplication->processRequest()
#2 /home/rcomaz5/public_html/kibrit.tech/index.php(129): CApplication->run()
#3 {main}
REQUEST_URI=//.env
---
2018/12/11 19:20:59 [error] [exception.CHttpException.404] exception 'CHttpException' with message 'Unable to resolve the request "assets/css/arrow.png".' in /home/rcomaz5/public_html/kibrit.tech/yoo/framework/web/CUrlManager.php:374
Stack trace:
#0 /home/rcomaz5/public_html/kibrit.tech/yoo/framework/web/CWebApplication.php(140): CUrlManager->parseUrl(Object(CHttpRequest))
#1 /home/rcomaz5/public_html/kibrit.tech/yoo/framework/base/CApplication.php(180): CWebApplication->processRequest()
#2 /home/rcomaz5/public_html/kibrit.tech/index.php(129): CApplication->run()
#3 {main}
REQUEST_URI=/assets/css/arrow.png
HTTP_REFERER=http://kibrit.tech/assets/css/merged.min.css
---
2018/12/11 19:21:10 [error] [exception.CHttpException.404] exception 'CHttpException' with message 'Unable to resolve the request "assets/css/arrow.png".' in /home/rcomaz5/public_html/kibrit.tech/yoo/framework/web/CUrlManager.php:374
Stack trace:
#0 /home/rcomaz5/public_html/kibrit.tech/yoo/framework/web/CWebApplication.php(140): CUrlManager->parseUrl(Object(CHttpRequest))
#1 /home/rcomaz5/public_html/kibrit.tech/yoo/framework/base/CApplication.php(180): CWebApplication->processRequest()
#2 /home/rcomaz5/public_html/kibrit.tech/index.php(129): CApplication->run()
#3 {main}
REQUEST_URI=/assets/css/arrow.png
HTTP_REFERER=http://kibrit.tech/assets/css/merged.min.css
---
2018/12/11 20:37:11 [error] [exception.CHttpException.404] exception 'CHttpException' with message 'Unable to resolve the request "wp-login.php".' in /home/rcomaz5/public_html/kibrit.tech/yoo/framework/web/CUrlManager.php:374
Stack trace:
#0 /home/rcomaz5/public_html/kibrit.tech/yoo/framework/web/CWebApplication.php(140): CUrlManager->parseUrl(Object(CHttpRequest))
#1 /home/rcomaz5/public_html/kibrit.tech/yoo/framework/base/CApplication.php(180): CWebApplication->processRequest()
#2 /home/rcomaz5/public_html/kibrit.tech/index.php(129): CApplication->run()
#3 {main}
REQUEST_URI=/wp-login.php
---
2018/12/11 20:42:40 [error] [exception.CHttpException.404] exception 'CHttpException' with message 'Unable to resolve the request "assets/css/arrow.png".' in /home/rcomaz5/public_html/kibrit.tech/yoo/framework/web/CUrlManager.php:374
Stack trace:
#0 /home/rcomaz5/public_html/kibrit.tech/yoo/framework/web/CWebApplication.php(140): CUrlManager->parseUrl(Object(CHttpRequest))
#1 /home/rcomaz5/public_html/kibrit.tech/yoo/framework/base/CApplication.php(180): CWebApplication->processRequest()
#2 /home/rcomaz5/public_html/kibrit.tech/index.php(129): CApplication->run()
#3 {main}
REQUEST_URI=/assets/css/arrow.png
HTTP_REFERER=http://www.kibrit.tech/assets/css/merged.min.css
---
2018/12/11 20:55:31 [error] [exception.CHttpException.404] exception 'CHttpException' with message 'Unable to resolve the request "wp-login.php".' in /home/rcomaz5/public_html/kibrit.tech/yoo/framework/web/CUrlManager.php:374
Stack trace:
#0 /home/rcomaz5/public_html/kibrit.tech/yoo/framework/web/CWebApplication.php(140): CUrlManager->parseUrl(Object(CHttpRequest))
#1 /home/rcomaz5/public_html/kibrit.tech/yoo/framework/base/CApplication.php(180): CWebApplication->processRequest()
#2 /home/rcomaz5/public_html/kibrit.tech/index.php(129): CApplication->run()
#3 {main}
REQUEST_URI=/wp-login.php
---
2018/12/11 21:18:49 [error] [exception.CHttpException.404] exception 'CHttpException' with message 'Unable to resolve the request "assets/css/arrow.png".' in /home/rcomaz5/public_html/kibrit.tech/yoo/framework/web/CUrlManager.php:374
Stack trace:
#0 /home/rcomaz5/public_html/kibrit.tech/yoo/framework/web/CWebApplication.php(140): CUrlManager->parseUrl(Object(CHttpRequest))
#1 /home/rcomaz5/public_html/kibrit.tech/yoo/framework/base/CApplication.php(180): CWebApplication->processRequest()
#2 /home/rcomaz5/public_html/kibrit.tech/index.php(129): CApplication->run()
#3 {main}
REQUEST_URI=/assets/css/arrow.png
HTTP_REFERER=http://kibrit.tech/
---
2018/12/11 21:19:02 [error] [exception.CHttpException.404] exception 'CHttpException' with message 'Unable to resolve the request "assets/css/arrow.png".' in /home/rcomaz5/public_html/kibrit.tech/yoo/framework/web/CUrlManager.php:374
Stack trace:
#0 /home/rcomaz5/public_html/kibrit.tech/yoo/framework/web/CWebApplication.php(140): CUrlManager->parseUrl(Object(CHttpRequest))
#1 /home/rcomaz5/public_html/kibrit.tech/yoo/framework/base/CApplication.php(180): CWebApplication->processRequest()
#2 /home/rcomaz5/public_html/kibrit.tech/index.php(129): CApplication->run()
#3 {main}
REQUEST_URI=/assets/css/arrow.png
HTTP_REFERER=http://kibrit.tech/en/works
---
2018/12/11 21:19:16 [error] [exception.CHttpException.404] exception 'CHttpException' with message 'Unable to resolve the request "assets/css/arrow.png".' in /home/rcomaz5/public_html/kibrit.tech/yoo/framework/web/CUrlManager.php:374
Stack trace:
#0 /home/rcomaz5/public_html/kibrit.tech/yoo/framework/web/CWebApplication.php(140): CUrlManager->parseUrl(Object(CHttpRequest))
#1 /home/rcomaz5/public_html/kibrit.tech/yoo/framework/base/CApplication.php(180): CWebApplication->processRequest()
#2 /home/rcomaz5/public_html/kibrit.tech/index.php(129): CApplication->run()
#3 {main}
REQUEST_URI=/assets/css/arrow.png
HTTP_REFERER=http://kibrit.tech/
---
2018/12/11 21:19:23 [error] [exception.CHttpException.404] exception 'CHttpException' with message 'Unable to resolve the request "assets/css/arrow.png".' in /home/rcomaz5/public_html/kibrit.tech/yoo/framework/web/CUrlManager.php:374
Stack trace:
#0 /home/rcomaz5/public_html/kibrit.tech/yoo/framework/web/CWebApplication.php(140): CUrlManager->parseUrl(Object(CHttpRequest))
#1 /home/rcomaz5/public_html/kibrit.tech/yoo/framework/base/CApplication.php(180): CWebApplication->processRequest()
#2 /home/rcomaz5/public_html/kibrit.tech/index.php(129): CApplication->run()
#3 {main}
REQUEST_URI=/assets/css/arrow.png
HTTP_REFERER=http://kibrit.tech/en/history
---
2018/12/11 21:35:06 [error] [exception.CHttpException.404] exception 'CHttpException' with message 'Unable to resolve the request "assets/css/arrow.png".' in /home/rcomaz5/public_html/kibrit.tech/yoo/framework/web/CUrlManager.php:374
Stack trace:
#0 /home/rcomaz5/public_html/kibrit.tech/yoo/framework/web/CWebApplication.php(140): CUrlManager->parseUrl(Object(CHttpRequest))
#1 /home/rcomaz5/public_html/kibrit.tech/yoo/framework/base/CApplication.php(180): CWebApplication->processRequest()
#2 /home/rcomaz5/public_html/kibrit.tech/index.php(129): CApplication->run()
#3 {main}
REQUEST_URI=/assets/css/arrow.png
HTTP_REFERER=http://kibrit.tech/assets/css/merged.min.css
---
2018/12/11 22:43:50 [error] [exception.CHttpException.404] exception 'CHttpException' with message 'Unable to resolve the request "wp-login.php".' in /home/rcomaz5/public_html/kibrit.tech/yoo/framework/web/CUrlManager.php:374
Stack trace:
#0 /home/rcomaz5/public_html/kibrit.tech/yoo/framework/web/CWebApplication.php(140): CUrlManager->parseUrl(Object(CHttpRequest))
#1 /home/rcomaz5/public_html/kibrit.tech/yoo/framework/base/CApplication.php(180): CWebApplication->processRequest()
#2 /home/rcomaz5/public_html/kibrit.tech/index.php(129): CApplication->run()
#3 {main}
REQUEST_URI=/wp-login.php
---
2018/12/11 22:48:34 [error] [exception.CHttpException.404] exception 'CHttpException' with message 'Unable to resolve the request "assets/css/arrow.png".' in /home/rcomaz5/public_html/kibrit.tech/yoo/framework/web/CUrlManager.php:374
Stack trace:
#0 /home/rcomaz5/public_html/kibrit.tech/yoo/framework/web/CWebApplication.php(140): CUrlManager->parseUrl(Object(CHttpRequest))
#1 /home/rcomaz5/public_html/kibrit.tech/yoo/framework/base/CApplication.php(180): CWebApplication->processRequest()
#2 /home/rcomaz5/public_html/kibrit.tech/index.php(129): CApplication->run()
#3 {main}
REQUEST_URI=/assets/css/arrow.png
HTTP_REFERER=http://www.kibrit.tech/assets/css/merged.min.css
---
2018/12/11 22:49:58 [error] [exception.CHttpException.404] exception 'CHttpException' with message 'Unable to resolve the request "assets/css/arrow.png".' in /home/rcomaz5/public_html/kibrit.tech/yoo/framework/web/CUrlManager.php:374
Stack trace:
#0 /home/rcomaz5/public_html/kibrit.tech/yoo/framework/web/CWebApplication.php(140): CUrlManager->parseUrl(Object(CHttpRequest))
#1 /home/rcomaz5/public_html/kibrit.tech/yoo/framework/base/CApplication.php(180): CWebApplication->processRequest()
#2 /home/rcomaz5/public_html/kibrit.tech/index.php(129): CApplication->run()
#3 {main}
REQUEST_URI=/assets/css/arrow.png
HTTP_REFERER=http://www.kibrit.tech/assets/css/merged.min.css
---
2018/12/11 23:21:43 [error] [exception.CHttpException.404] exception 'CHttpException' with message 'Unable to resolve the request "wp-login.php".' in /home/rcomaz5/public_html/kibrit.tech/yoo/framework/web/CUrlManager.php:374
Stack trace:
#0 /home/rcomaz5/public_html/kibrit.tech/yoo/framework/web/CWebApplication.php(140): CUrlManager->parseUrl(Object(CHttpRequest))
#1 /home/rcomaz5/public_html/kibrit.tech/yoo/framework/base/CApplication.php(180): CWebApplication->processRequest()
#2 /home/rcomaz5/public_html/kibrit.tech/index.php(129): CApplication->run()
#3 {main}
REQUEST_URI=/wp-login.php
---
2018/12/11 23:39:07 [error] [exception.CHttpException.404] exception 'CHttpException' with message 'Unable to resolve the request "ads.txt".' in /home/rcomaz5/public_html/kibrit.tech/yoo/framework/web/CUrlManager.php:374
Stack trace:
#0 /home/rcomaz5/public_html/kibrit.tech/yoo/framework/web/CWebApplication.php(140): CUrlManager->parseUrl(Object(CHttpRequest))
#1 /home/rcomaz5/public_html/kibrit.tech/yoo/framework/base/CApplication.php(180): CWebApplication->processRequest()
#2 /home/rcomaz5/public_html/kibrit.tech/index.php(129): CApplication->run()
#3 {main}
REQUEST_URI=/ads.txt
---
2018/12/11 23:46:26 [error] [exception.CHttpException.404] exception 'CHttpException' with message 'Unable to resolve the request "wp-login.php".' in /home/rcomaz5/public_html/kibrit.tech/yoo/framework/web/CUrlManager.php:374
Stack trace:
#0 /home/rcomaz5/public_html/kibrit.tech/yoo/framework/web/CWebApplication.php(140): CUrlManager->parseUrl(Object(CHttpRequest))
#1 /home/rcomaz5/public_html/kibrit.tech/yoo/framework/base/CApplication.php(180): CWebApplication->processRequest()
#2 /home/rcomaz5/public_html/kibrit.tech/index.php(129): CApplication->run()
#3 {main}
REQUEST_URI=/wp-login.php
---
2018/12/11 23:54:02 [error] [exception.CHttpException.400] exception 'CHttpException' with message 'Некорректный запрос.' in /home/rcomaz5/public_html/kibrit.tech/yoo/framework/web/CController.php:336
Stack trace:
#0 /home/rcomaz5/public_html/kibrit.tech/yoo/framework/web/CController.php(309): CController->invalidActionParams(Object(CInlineAction))
#1 /home/rcomaz5/public_html/kibrit.tech/yoo/framework/web/CController.php(286): CController->runAction(Object(CInlineAction))
#2 /home/rcomaz5/public_html/kibrit.tech/yoo/framework/web/CController.php(265): CController->runActionWithFilters(Object(CInlineAction), Array)
#3 /home/rcomaz5/public_html/kibrit.tech/yoo/framework/web/CWebApplication.php(282): CController->run('goto')
#4 /home/rcomaz5/public_html/kibrit.tech/yoo/framework/web/CWebApplication.php(141): CWebApplication->runController('site/goto')
#5 /home/rcomaz5/public_html/kibrit.tech/yoo/framework/base/CApplication.php(180): CWebApplication->processRequest()
#6 /home/rcomaz5/public_html/kibrit.tech/index.php(129): CApplication->run()
#7 {main}
REQUEST_URI=/ru/goto
---
2018/12/12 00:02:29 [error] [exception.CHttpException.400] exception 'CHttpException' with message 'Your request is invalid.' in /home/rcomaz5/public_html/kibrit.tech/yoo/framework/web/CController.php:336
Stack trace:
#0 /home/rcomaz5/public_html/kibrit.tech/yoo/framework/web/CController.php(309): CController->invalidActionParams(Object(CInlineAction))
#1 /home/rcomaz5/public_html/kibrit.tech/yoo/framework/web/CController.php(286): CController->runAction(Object(CInlineAction))
#2 /home/rcomaz5/public_html/kibrit.tech/yoo/framework/web/CController.php(265): CController->runActionWithFilters(Object(CInlineAction), Array)
#3 /home/rcomaz5/public_html/kibrit.tech/yoo/framework/web/CWebApplication.php(282): CController->run('goto')
#4 /home/rcomaz5/public_html/kibrit.tech/yoo/framework/web/CWebApplication.php(141): CWebApplication->runController('site/goto')
#5 /home/rcomaz5/public_html/kibrit.tech/yoo/framework/base/CApplication.php(180): CWebApplication->processRequest()
#6 /home/rcomaz5/public_html/kibrit.tech/index.php(129): CApplication->run()
#7 {main}
REQUEST_URI=/az/goto
---
2018/12/12 00:33:01 [error] [exception.CHttpException.404] exception 'CHttpException' with message 'Unable to resolve the request "wp-login.php".' in /home/rcomaz5/public_html/kibrit.tech/yoo/framework/web/CUrlManager.php:374
Stack trace:
#0 /home/rcomaz5/public_html/kibrit.tech/yoo/framework/web/CWebApplication.php(140): CUrlManager->parseUrl(Object(CHttpRequest))
#1 /home/rcomaz5/public_html/kibrit.tech/yoo/framework/base/CApplication.php(180): CWebApplication->processRequest()
#2 /home/rcomaz5/public_html/kibrit.tech/index.php(129): CApplication->run()
#3 {main}
REQUEST_URI=/wp-login.php
---
2018/12/12 02:14:15 [error] [exception.CHttpException.404] exception 'CHttpException' with message 'Unable to resolve the request "wp-login.php".' in /home/rcomaz5/public_html/kibrit.tech/yoo/framework/web/CUrlManager.php:374
Stack trace:
#0 /home/rcomaz5/public_html/kibrit.tech/yoo/framework/web/CWebApplication.php(140): CUrlManager->parseUrl(Object(CHttpRequest))
#1 /home/rcomaz5/public_html/kibrit.tech/yoo/framework/base/CApplication.php(180): CWebApplication->processRequest()
#2 /home/rcomaz5/public_html/kibrit.tech/index.php(129): CApplication->run()
#3 {main}
REQUEST_URI=/wp-login.php
---
2018/12/12 05:00:09 [error] [exception.CHttpException.404] exception 'CHttpException' with message 'Unable to resolve the request "ads.txt".' in /home/rcomaz5/public_html/kibrit.tech/yoo/framework/web/CUrlManager.php:374
Stack trace:
#0 /home/rcomaz5/public_html/kibrit.tech/yoo/framework/web/CWebApplication.php(140): CUrlManager->parseUrl(Object(CHttpRequest))
#1 /home/rcomaz5/public_html/kibrit.tech/yoo/framework/base/CApplication.php(180): CWebApplication->processRequest()
#2 /home/rcomaz5/public_html/kibrit.tech/index.php(129): CApplication->run()
#3 {main}
REQUEST_URI=/ads.txt
---
2018/12/12 07:25:40 [error] [exception.CHttpException.404] exception 'CHttpException' with message 'Unable to resolve the request "wp-login.php".' in /home/rcomaz5/public_html/kibrit.tech/yoo/framework/web/CUrlManager.php:374
Stack trace:
#0 /home/rcomaz5/public_html/kibrit.tech/yoo/framework/web/CWebApplication.php(140): CUrlManager->parseUrl(Object(CHttpRequest))
#1 /home/rcomaz5/public_html/kibrit.tech/yoo/framework/base/CApplication.php(180): CWebApplication->processRequest()
#2 /home/rcomaz5/public_html/kibrit.tech/index.php(129): CApplication->run()
#3 {main}
REQUEST_URI=/wp-login.php
---
2018/12/12 08:04:03 [error] [exception.CHttpException.404] exception 'CHttpException' with message 'Unable to resolve the request "wp-login.php".' in /home/rcomaz5/public_html/kibrit.tech/yoo/framework/web/CUrlManager.php:374
Stack trace:
#0 /home/rcomaz5/public_html/kibrit.tech/yoo/framework/web/CWebApplication.php(140): CUrlManager->parseUrl(Object(CHttpRequest))
#1 /home/rcomaz5/public_html/kibrit.tech/yoo/framework/base/CApplication.php(180): CWebApplication->processRequest()
#2 /home/rcomaz5/public_html/kibrit.tech/index.php(129): CApplication->run()
#3 {main}
REQUEST_URI=/wp-login.php
---
2018/12/12 09:41:14 [error] [exception.CHttpException.404] exception 'CHttpException' with message 'Unable to resolve the request "assets/css/arrow.png".' in /home/rcomaz5/public_html/kibrit.tech/yoo/framework/web/CUrlManager.php:374
Stack trace:
#0 /home/rcomaz5/public_html/kibrit.tech/yoo/framework/web/CWebApplication.php(140): CUrlManager->parseUrl(Object(CHttpRequest))
#1 /home/rcomaz5/public_html/kibrit.tech/yoo/framework/base/CApplication.php(180): CWebApplication->processRequest()
#2 /home/rcomaz5/public_html/kibrit.tech/index.php(129): CApplication->run()
#3 {main}
REQUEST_URI=/assets/css/arrow.png
HTTP_REFERER=http://kibrit.tech/assets/css/merged.min.css
---
2018/12/12 09:41:36 [error] [exception.CHttpException.404] exception 'CHttpException' with message 'Unable to resolve the request "assets/css/arrow.png".' in /home/rcomaz5/public_html/kibrit.tech/yoo/framework/web/CUrlManager.php:374
Stack trace:
#0 /home/rcomaz5/public_html/kibrit.tech/yoo/framework/web/CWebApplication.php(140): CUrlManager->parseUrl(Object(CHttpRequest))
#1 /home/rcomaz5/public_html/kibrit.tech/yoo/framework/base/CApplication.php(180): CWebApplication->processRequest()
#2 /home/rcomaz5/public_html/kibrit.tech/index.php(129): CApplication->run()
#3 {main}
REQUEST_URI=/assets/css/arrow.png
HTTP_REFERER=http://kibrit.tech/assets/css/merged.min.css
---
2018/12/12 09:42:07 [error] [exception.CHttpException.404] exception 'CHttpException' with message 'Unable to resolve the request "assets/css/arrow.png".' in /home/rcomaz5/public_html/kibrit.tech/yoo/framework/web/CUrlManager.php:374
Stack trace:
#0 /home/rcomaz5/public_html/kibrit.tech/yoo/framework/web/CWebApplication.php(140): CUrlManager->parseUrl(Object(CHttpRequest))
#1 /home/rcomaz5/public_html/kibrit.tech/yoo/framework/base/CApplication.php(180): CWebApplication->processRequest()
#2 /home/rcomaz5/public_html/kibrit.tech/index.php(129): CApplication->run()
#3 {main}
REQUEST_URI=/assets/css/arrow.png
HTTP_REFERER=http://kibrit.tech/assets/css/merged.min.css
---
2018/12/12 09:42:10 [error] [exception.CHttpException.404] exception 'CHttpException' with message 'Unable to resolve the request "assets/css/arrow.png".' in /home/rcomaz5/public_html/kibrit.tech/yoo/framework/web/CUrlManager.php:374
Stack trace:
#0 /home/rcomaz5/public_html/kibrit.tech/yoo/framework/web/CWebApplication.php(140): CUrlManager->parseUrl(Object(CHttpRequest))
#1 /home/rcomaz5/public_html/kibrit.tech/yoo/framework/base/CApplication.php(180): CWebApplication->processRequest()
#2 /home/rcomaz5/public_html/kibrit.tech/index.php(129): CApplication->run()
#3 {main}
REQUEST_URI=/assets/css/arrow.png
HTTP_REFERER=http://kibrit.tech/assets/css/merged.min.css
---
2018/12/12 09:43:14 [error] [exception.CHttpException.404] exception 'CHttpException' with message 'Unable to resolve the request "assets/css/arrow.png".' in /home/rcomaz5/public_html/kibrit.tech/yoo/framework/web/CUrlManager.php:374
Stack trace:
#0 /home/rcomaz5/public_html/kibrit.tech/yoo/framework/web/CWebApplication.php(140): CUrlManager->parseUrl(Object(CHttpRequest))
#1 /home/rcomaz5/public_html/kibrit.tech/yoo/framework/base/CApplication.php(180): CWebApplication->processRequest()
#2 /home/rcomaz5/public_html/kibrit.tech/index.php(129): CApplication->run()
#3 {main}
REQUEST_URI=/assets/css/arrow.png
HTTP_REFERER=http://kibrit.tech/assets/css/merged.min.css
---
2018/12/12 09:45:08 [error] [exception.CHttpException.404] exception 'CHttpException' with message 'Unable to resolve the request "assets/css/arrow.png".' in /home/rcomaz5/public_html/kibrit.tech/yoo/framework/web/CUrlManager.php:374
Stack trace:
#0 /home/rcomaz5/public_html/kibrit.tech/yoo/framework/web/CWebApplication.php(140): CUrlManager->parseUrl(Object(CHttpRequest))
#1 /home/rcomaz5/public_html/kibrit.tech/yoo/framework/base/CApplication.php(180): CWebApplication->processRequest()
#2 /home/rcomaz5/public_html/kibrit.tech/index.php(129): CApplication->run()
#3 {main}
REQUEST_URI=/assets/css/arrow.png
HTTP_REFERER=http://www.kibrit.tech/assets/css/merged.min.css
---
2018/12/12 09:45:55 [error] [exception.CHttpException.404] exception 'CHttpException' with message 'Unable to resolve the request "assets/css/arrow.png".' in /home/rcomaz5/public_html/kibrit.tech/yoo/framework/web/CUrlManager.php:374
Stack trace:
#0 /home/rcomaz5/public_html/kibrit.tech/yoo/framework/web/CWebApplication.php(140): CUrlManager->parseUrl(Object(CHttpRequest))
#1 /home/rcomaz5/public_html/kibrit.tech/yoo/framework/base/CApplication.php(180): CWebApplication->processRequest()
#2 /home/rcomaz5/public_html/kibrit.tech/index.php(129): CApplication->run()
#3 {main}
REQUEST_URI=/assets/css/arrow.png
HTTP_REFERER=http://www.kibrit.tech/assets/css/merged.min.css
---
2018/12/12 10:08:16 [error] [exception.CHttpException.404] exception 'CHttpException' with message 'Unable to resolve the request "wp-login.php".' in /home/rcomaz5/public_html/kibrit.tech/yoo/framework/web/CUrlManager.php:374
Stack trace:
#0 /home/rcomaz5/public_html/kibrit.tech/yoo/framework/web/CWebApplication.php(140): CUrlManager->parseUrl(Object(CHttpRequest))
#1 /home/rcomaz5/public_html/kibrit.tech/yoo/framework/base/CApplication.php(180): CWebApplication->processRequest()
#2 /home/rcomaz5/public_html/kibrit.tech/index.php(129): CApplication->run()
#3 {main}
REQUEST_URI=/wp-login.php
---
2018/12/12 10:32:46 [error] [exception.CHttpException.404] exception 'CHttpException' with message 'Unable to resolve the request "assets/css/arrow.png".' in /home/rcomaz5/public_html/kibrit.tech/yoo/framework/web/CUrlManager.php:374
Stack trace:
#0 /home/rcomaz5/public_html/kibrit.tech/yoo/framework/web/CWebApplication.php(140): CUrlManager->parseUrl(Object(CHttpRequest))
#1 /home/rcomaz5/public_html/kibrit.tech/yoo/framework/base/CApplication.php(180): CWebApplication->processRequest()
#2 /home/rcomaz5/public_html/kibrit.tech/index.php(129): CApplication->run()
#3 {main}
REQUEST_URI=/assets/css/arrow.png
HTTP_REFERER=http://kibrit.tech/assets/css/merged.min.css
---
2018/12/12 10:33:01 [error] [exception.CHttpException.404] exception 'CHttpException' with message 'Unable to resolve the request "assets/css/arrow.png".' in /home/rcomaz5/public_html/kibrit.tech/yoo/framework/web/CUrlManager.php:374
Stack trace:
#0 /home/rcomaz5/public_html/kibrit.tech/yoo/framework/web/CWebApplication.php(140): CUrlManager->parseUrl(Object(CHttpRequest))
#1 /home/rcomaz5/public_html/kibrit.tech/yoo/framework/base/CApplication.php(180): CWebApplication->processRequest()
#2 /home/rcomaz5/public_html/kibrit.tech/index.php(129): CApplication->run()
#3 {main}
REQUEST_URI=/assets/css/arrow.png
HTTP_REFERER=http://kibrit.tech/
---
2018/12/12 10:33:22 [error] [exception.CHttpException.404] exception 'CHttpException' with message 'Unable to resolve the request "assets/css/arrow.png".' in /home/rcomaz5/public_html/kibrit.tech/yoo/framework/web/CUrlManager.php:374
Stack trace:
#0 /home/rcomaz5/public_html/kibrit.tech/yoo/framework/web/CWebApplication.php(140): CUrlManager->parseUrl(Object(CHttpRequest))
#1 /home/rcomaz5/public_html/kibrit.tech/yoo/framework/base/CApplication.php(180): CWebApplication->processRequest()
#2 /home/rcomaz5/public_html/kibrit.tech/index.php(129): CApplication->run()
#3 {main}
REQUEST_URI=/assets/css/arrow.png
HTTP_REFERER=http://kibrit.tech/assets/css/merged.min.css
---
2018/12/12 10:35:54 [error] [exception.CHttpException.404] exception 'CHttpException' with message 'Unable to resolve the request "assets/css/arrow.png".' in /home/rcomaz5/public_html/kibrit.tech/yoo/framework/web/CUrlManager.php:374
Stack trace:
#0 /home/rcomaz5/public_html/kibrit.tech/yoo/framework/web/CWebApplication.php(140): CUrlManager->parseUrl(Object(CHttpRequest))
#1 /home/rcomaz5/public_html/kibrit.tech/yoo/framework/base/CApplication.php(180): CWebApplication->processRequest()
#2 /home/rcomaz5/public_html/kibrit.tech/index.php(129): CApplication->run()
#3 {main}
REQUEST_URI=/assets/css/arrow.png
HTTP_REFERER=http://kibrit.tech/assets/css/merged.min.css
---
2018/12/12 10:36:05 [error] [exception.CHttpException.404] exception 'CHttpException' with message 'Unable to resolve the request "assets/css/arrow.png".' in /home/rcomaz5/public_html/kibrit.tech/yoo/framework/web/CUrlManager.php:374
Stack trace:
#0 /home/rcomaz5/public_html/kibrit.tech/yoo/framework/web/CWebApplication.php(140): CUrlManager->parseUrl(Object(CHttpRequest))
#1 /home/rcomaz5/public_html/kibrit.tech/yoo/framework/base/CApplication.php(180): CWebApplication->processRequest()
#2 /home/rcomaz5/public_html/kibrit.tech/index.php(129): CApplication->run()
#3 {main}
REQUEST_URI=/assets/css/arrow.png
HTTP_REFERER=http://kibrit.tech/assets/css/merged.min.css
---
2018/12/12 10:36:11 [error] [exception.CHttpException.404] exception 'CHttpException' with message 'Unable to resolve the request "assets/css/arrow.png".' in /home/rcomaz5/public_html/kibrit.tech/yoo/framework/web/CUrlManager.php:374
Stack trace:
#0 /home/rcomaz5/public_html/kibrit.tech/yoo/framework/web/CWebApplication.php(140): CUrlManager->parseUrl(Object(CHttpRequest))
#1 /home/rcomaz5/public_html/kibrit.tech/yoo/framework/base/CApplication.php(180): CWebApplication->processRequest()
#2 /home/rcomaz5/public_html/kibrit.tech/index.php(129): CApplication->run()
#3 {main}
REQUEST_URI=/assets/css/arrow.png
HTTP_REFERER=http://kibrit.tech/assets/css/merged.min.css
---
2018/12/12 10:36:58 [error] [exception.CHttpException.404] exception 'CHttpException' with message 'Unable to resolve the request "assets/css/arrow.png".' in /home/rcomaz5/public_html/kibrit.tech/yoo/framework/web/CUrlManager.php:374
Stack trace:
#0 /home/rcomaz5/public_html/kibrit.tech/yoo/framework/web/CWebApplication.php(140): CUrlManager->parseUrl(Object(CHttpRequest))
#1 /home/rcomaz5/public_html/kibrit.tech/yoo/framework/base/CApplication.php(180): CWebApplication->processRequest()
#2 /home/rcomaz5/public_html/kibrit.tech/index.php(129): CApplication->run()
#3 {main}
REQUEST_URI=/assets/css/arrow.png
HTTP_REFERER=http://kibrit.tech/assets/css/merged.min.css
---
2018/12/12 10:37:03 [error] [exception.CHttpException.404] exception 'CHttpException' with message 'Unable to resolve the request "assets/css/arrow.png".' in /home/rcomaz5/public_html/kibrit.tech/yoo/framework/web/CUrlManager.php:374
Stack trace:
#0 /home/rcomaz5/public_html/kibrit.tech/yoo/framework/web/CWebApplication.php(140): CUrlManager->parseUrl(Object(CHttpRequest))
#1 /home/rcomaz5/public_html/kibrit.tech/yoo/framework/base/CApplication.php(180): CWebApplication->processRequest()
#2 /home/rcomaz5/public_html/kibrit.tech/index.php(129): CApplication->run()
#3 {main}
REQUEST_URI=/assets/css/arrow.png
HTTP_REFERER=http://kibrit.tech/assets/css/merged.min.css
---
2018/12/12 10:38:00 [error] [exception.CHttpException.404] exception 'CHttpException' with message 'Unable to resolve the request "assets/css/arrow.png".' in /home/rcomaz5/public_html/kibrit.tech/yoo/framework/web/CUrlManager.php:374
Stack trace:
#0 /home/rcomaz5/public_html/kibrit.tech/yoo/framework/web/CWebApplication.php(140): CUrlManager->parseUrl(Object(CHttpRequest))
#1 /home/rcomaz5/public_html/kibrit.tech/yoo/framework/base/CApplication.php(180): CWebApplication->processRequest()
#2 /home/rcomaz5/public_html/kibrit.tech/index.php(129): CApplication->run()
#3 {main}
REQUEST_URI=/assets/css/arrow.png
HTTP_REFERER=http://kibrit.tech/assets/css/merged.min.css
---
2018/12/12 10:38:19 [error] [exception.CHttpException.404] exception 'CHttpException' with message 'Unable to resolve the request "assets/css/arrow.png".' in /home/rcomaz5/public_html/kibrit.tech/yoo/framework/web/CUrlManager.php:374
Stack trace:
#0 /home/rcomaz5/public_html/kibrit.tech/yoo/framework/web/CWebApplication.php(140): CUrlManager->parseUrl(Object(CHttpRequest))
#1 /home/rcomaz5/public_html/kibrit.tech/yoo/framework/base/CApplication.php(180): CWebApplication->processRequest()
#2 /home/rcomaz5/public_html/kibrit.tech/index.php(129): CApplication->run()
#3 {main}
REQUEST_URI=/assets/css/arrow.png
HTTP_REFERER=http://kibrit.tech/assets/css/merged.min.css
---
2018/12/12 10:38:29 [error] [exception.CHttpException.404] exception 'CHttpException' with message 'Unable to resolve the request "assets/css/arrow.png".' in /home/rcomaz5/public_html/kibrit.tech/yoo/framework/web/CUrlManager.php:374
Stack trace:
#0 /home/rcomaz5/public_html/kibrit.tech/yoo/framework/web/CWebApplication.php(140): CUrlManager->parseUrl(Object(CHttpRequest))
#1 /home/rcomaz5/public_html/kibrit.tech/yoo/framework/base/CApplication.php(180): CWebApplication->processRequest()
#2 /home/rcomaz5/public_html/kibrit.tech/index.php(129): CApplication->run()
#3 {main}
REQUEST_URI=/assets/css/arrow.png
HTTP_REFERER=http://kibrit.tech/assets/css/merged.min.css
---
2018/12/12 10:40:49 [error] [exception.CHttpException.404] exception 'CHttpException' with message 'Unable to resolve the request "assets/css/arrow.png".' in /home/rcomaz5/public_html/kibrit.tech/yoo/framework/web/CUrlManager.php:374
Stack trace:
#0 /home/rcomaz5/public_html/kibrit.tech/yoo/framework/web/CWebApplication.php(140): CUrlManager->parseUrl(Object(CHttpRequest))
#1 /home/rcomaz5/public_html/kibrit.tech/yoo/framework/base/CApplication.php(180): CWebApplication->processRequest()
#2 /home/rcomaz5/public_html/kibrit.tech/index.php(129): CApplication->run()
#3 {main}
REQUEST_URI=/assets/css/arrow.png
HTTP_REFERER=http://kibrit.tech/assets/css/merged.min.css
---
2018/12/12 10:41:57 [error] [exception.CHttpException.404] exception 'CHttpException' with message 'Unable to resolve the request "wp-login.php".' in /home/rcomaz5/public_html/kibrit.tech/yoo/framework/web/CUrlManager.php:374
Stack trace:
#0 /home/rcomaz5/public_html/kibrit.tech/yoo/framework/web/CWebApplication.php(140): CUrlManager->parseUrl(Object(CHttpRequest))
#1 /home/rcomaz5/public_html/kibrit.tech/yoo/framework/base/CApplication.php(180): CWebApplication->processRequest()
#2 /home/rcomaz5/public_html/kibrit.tech/index.php(129): CApplication->run()
#3 {main}
REQUEST_URI=/wp-login.php
---
2018/12/12 10:42:07 [error] [exception.CHttpException.404] exception 'CHttpException' with message 'Unable to resolve the request "assets/css/arrow.png".' in /home/rcomaz5/public_html/kibrit.tech/yoo/framework/web/CUrlManager.php:374
Stack trace:
#0 /home/rcomaz5/public_html/kibrit.tech/yoo/framework/web/CWebApplication.php(140): CUrlManager->parseUrl(Object(CHttpRequest))
#1 /home/rcomaz5/public_html/kibrit.tech/yoo/framework/base/CApplication.php(180): CWebApplication->processRequest()
#2 /home/rcomaz5/public_html/kibrit.tech/index.php(129): CApplication->run()
#3 {main}
REQUEST_URI=/assets/css/arrow.png
HTTP_REFERER=http://kibrit.tech/assets/css/merged.min.css
---
2018/12/12 10:42:49 [error] [exception.CHttpException.404] exception 'CHttpException' with message 'Unable to resolve the request "assets/css/arrow.png".' in /home/rcomaz5/public_html/kibrit.tech/yoo/framework/web/CUrlManager.php:374
Stack trace:
#0 /home/rcomaz5/public_html/kibrit.tech/yoo/framework/web/CWebApplication.php(140): CUrlManager->parseUrl(Object(CHttpRequest))
#1 /home/rcomaz5/public_html/kibrit.tech/yoo/framework/base/CApplication.php(180): CWebApplication->processRequest()
#2 /home/rcomaz5/public_html/kibrit.tech/index.php(129): CApplication->run()
#3 {main}
REQUEST_URI=/assets/css/arrow.png
HTTP_REFERER=http://kibrit.tech/assets/css/merged.min.css
---
2018/12/12 10:43:22 [error] [exception.CHttpException.404] exception 'CHttpException' with message 'Unable to resolve the request "assets/css/arrow.png".' in /home/rcomaz5/public_html/kibrit.tech/yoo/framework/web/CUrlManager.php:374
Stack trace:
#0 /home/rcomaz5/public_html/kibrit.tech/yoo/framework/web/CWebApplication.php(140): CUrlManager->parseUrl(Object(CHttpRequest))
#1 /home/rcomaz5/public_html/kibrit.tech/yoo/framework/base/CApplication.php(180): CWebApplication->processRequest()
#2 /home/rcomaz5/public_html/kibrit.tech/index.php(129): CApplication->run()
#3 {main}
REQUEST_URI=/assets/css/arrow.png
HTTP_REFERER=http://kibrit.tech/assets/css/merged.min.css
---
2018/12/12 10:43:41 [error] [exception.CHttpException.404] exception 'CHttpException' with message 'Unable to resolve the request "assets/css/arrow.png".' in /home/rcomaz5/public_html/kibrit.tech/yoo/framework/web/CUrlManager.php:374
Stack trace:
#0 /home/rcomaz5/public_html/kibrit.tech/yoo/framework/web/CWebApplication.php(140): CUrlManager->parseUrl(Object(CHttpRequest))
#1 /home/rcomaz5/public_html/kibrit.tech/yoo/framework/base/CApplication.php(180): CWebApplication->processRequest()
#2 /home/rcomaz5/public_html/kibrit.tech/index.php(129): CApplication->run()
#3 {main}
REQUEST_URI=/assets/css/arrow.png
HTTP_REFERER=http://kibrit.tech/assets/css/merged.min.css
---
2018/12/12 10:51:31 [error] [exception.CHttpException.404] exception 'CHttpException' with message 'Unable to resolve the request "assets/css/arrow.png".' in /home/rcomaz5/public_html/kibrit.tech/yoo/framework/web/CUrlManager.php:374
Stack trace:
#0 /home/rcomaz5/public_html/kibrit.tech/yoo/framework/web/CWebApplication.php(140): CUrlManager->parseUrl(Object(CHttpRequest))
#1 /home/rcomaz5/public_html/kibrit.tech/yoo/framework/base/CApplication.php(180): CWebApplication->processRequest()
#2 /home/rcomaz5/public_html/kibrit.tech/index.php(129): CApplication->run()
#3 {main}
REQUEST_URI=/assets/css/arrow.png
HTTP_REFERER=http://kibrit.tech/assets/css/merged.min.css
---
2018/12/12 10:55:02 [error] [exception.CHttpException.404] exception 'CHttpException' with message 'Unable to resolve the request "assets/css/arrow.png".' in /home/rcomaz5/public_html/kibrit.tech/yoo/framework/web/CUrlManager.php:374
Stack trace:
#0 /home/rcomaz5/public_html/kibrit.tech/yoo/framework/web/CWebApplication.php(140): CUrlManager->parseUrl(Object(CHttpRequest))
#1 /home/rcomaz5/public_html/kibrit.tech/yoo/framework/base/CApplication.php(180): CWebApplication->processRequest()
#2 /home/rcomaz5/public_html/kibrit.tech/index.php(129): CApplication->run()
#3 {main}
REQUEST_URI=/assets/css/arrow.png
HTTP_REFERER=http://www.kibrit.tech/assets/css/merged.min.css
---
2018/12/12 10:58:36 [error] [exception.CHttpException.404] exception 'CHttpException' with message 'Unable to resolve the request "assets/css/arrow.png".' in /home/rcomaz5/public_html/kibrit.tech/yoo/framework/web/CUrlManager.php:374
Stack trace:
#0 /home/rcomaz5/public_html/kibrit.tech/yoo/framework/web/CWebApplication.php(140): CUrlManager->parseUrl(Object(CHttpRequest))
#1 /home/rcomaz5/public_html/kibrit.tech/yoo/framework/base/CApplication.php(180): CWebApplication->processRequest()
#2 /home/rcomaz5/public_html/kibrit.tech/index.php(129): CApplication->run()
#3 {main}
REQUEST_URI=/assets/css/arrow.png
HTTP_REFERER=http://kibrit.tech/assets/css/merged.min.css
---
2018/12/12 10:58:47 [error] [exception.CHttpException.404] exception 'CHttpException' with message 'Unable to resolve the request "assets/css/arrow.png".' in /home/rcomaz5/public_html/kibrit.tech/yoo/framework/web/CUrlManager.php:374
Stack trace:
#0 /home/rcomaz5/public_html/kibrit.tech/yoo/framework/web/CWebApplication.php(140): CUrlManager->parseUrl(Object(CHttpRequest))
#1 /home/rcomaz5/public_html/kibrit.tech/yoo/framework/base/CApplication.php(180): CWebApplication->processRequest()
#2 /home/rcomaz5/public_html/kibrit.tech/index.php(129): CApplication->run()
#3 {main}
REQUEST_URI=/assets/css/arrow.png
HTTP_REFERER=http://kibrit.tech/assets/css/merged.min.css
---
2018/12/12 10:59:01 [error] [exception.CHttpException.404] exception 'CHttpException' with message 'Unable to resolve the request "assets/css/arrow.png".' in /home/rcomaz5/public_html/kibrit.tech/yoo/framework/web/CUrlManager.php:374
Stack trace:
#0 /home/rcomaz5/public_html/kibrit.tech/yoo/framework/web/CWebApplication.php(140): CUrlManager->parseUrl(Object(CHttpRequest))
#1 /home/rcomaz5/public_html/kibrit.tech/yoo/framework/base/CApplication.php(180): CWebApplication->processRequest()
#2 /home/rcomaz5/public_html/kibrit.tech/index.php(129): CApplication->run()
#3 {main}
REQUEST_URI=/assets/css/arrow.png
HTTP_REFERER=http://kibrit.tech/assets/css/merged.min.css
---
2018/12/12 10:59:06 [error] [exception.CHttpException.404] exception 'CHttpException' with message 'Unable to resolve the request "assets/css/arrow.png".' in /home/rcomaz5/public_html/kibrit.tech/yoo/framework/web/CUrlManager.php:374
Stack trace:
#0 /home/rcomaz5/public_html/kibrit.tech/yoo/framework/web/CWebApplication.php(140): CUrlManager->parseUrl(Object(CHttpRequest))
#1 /home/rcomaz5/public_html/kibrit.tech/yoo/framework/base/CApplication.php(180): CWebApplication->processRequest()
#2 /home/rcomaz5/public_html/kibrit.tech/index.php(129): CApplication->run()
#3 {main}
REQUEST_URI=/assets/css/arrow.png
HTTP_REFERER=http://kibrit.tech/assets/css/merged.min.css
---
2018/12/12 10:59:10 [error] [exception.CHttpException.404] exception 'CHttpException' with message 'Unable to resolve the request "assets/css/arrow.png".' in /home/rcomaz5/public_html/kibrit.tech/yoo/framework/web/CUrlManager.php:374
Stack trace:
#0 /home/rcomaz5/public_html/kibrit.tech/yoo/framework/web/CWebApplication.php(140): CUrlManager->parseUrl(Object(CHttpRequest))
#1 /home/rcomaz5/public_html/kibrit.tech/yoo/framework/base/CApplication.php(180): CWebApplication->processRequest()
#2 /home/rcomaz5/public_html/kibrit.tech/index.php(129): CApplication->run()
#3 {main}
REQUEST_URI=/assets/css/arrow.png
HTTP_REFERER=http://kibrit.tech/assets/css/merged.min.css
---
2018/12/12 10:59:15 [error] [exception.CHttpException.404] exception 'CHttpException' with message 'Unable to resolve the request "assets/css/arrow.png".' in /home/rcomaz5/public_html/kibrit.tech/yoo/framework/web/CUrlManager.php:374
Stack trace:
#0 /home/rcomaz5/public_html/kibrit.tech/yoo/framework/web/CWebApplication.php(140): CUrlManager->parseUrl(Object(CHttpRequest))
#1 /home/rcomaz5/public_html/kibrit.tech/yoo/framework/base/CApplication.php(180): CWebApplication->processRequest()
#2 /home/rcomaz5/public_html/kibrit.tech/index.php(129): CApplication->run()
#3 {main}
REQUEST_URI=/assets/css/arrow.png
HTTP_REFERER=http://kibrit.tech/assets/css/merged.min.css
---
2018/12/12 10:59:25 [error] [exception.CHttpException.404] exception 'CHttpException' with message 'Unable to resolve the request "assets/css/arrow.png".' in /home/rcomaz5/public_html/kibrit.tech/yoo/framework/web/CUrlManager.php:374
Stack trace:
#0 /home/rcomaz5/public_html/kibrit.tech/yoo/framework/web/CWebApplication.php(140): CUrlManager->parseUrl(Object(CHttpRequest))
#1 /home/rcomaz5/public_html/kibrit.tech/yoo/framework/base/CApplication.php(180): CWebApplication->processRequest()
#2 /home/rcomaz5/public_html/kibrit.tech/index.php(129): CApplication->run()
#3 {main}
REQUEST_URI=/assets/css/arrow.png
HTTP_REFERER=http://kibrit.tech/assets/css/merged.min.css
---
2018/12/12 10:59:29 [error] [exception.CHttpException.404] exception 'CHttpException' with message 'Unable to resolve the request "assets/css/arrow.png".' in /home/rcomaz5/public_html/kibrit.tech/yoo/framework/web/CUrlManager.php:374
Stack trace:
#0 /home/rcomaz5/public_html/kibrit.tech/yoo/framework/web/CWebApplication.php(140): CUrlManager->parseUrl(Object(CHttpRequest))
#1 /home/rcomaz5/public_html/kibrit.tech/yoo/framework/base/CApplication.php(180): CWebApplication->processRequest()
#2 /home/rcomaz5/public_html/kibrit.tech/index.php(129): CApplication->run()
#3 {main}
REQUEST_URI=/assets/css/arrow.png
HTTP_REFERER=http://kibrit.tech/assets/css/merged.min.css
---
2018/12/12 10:59:36 [error] [exception.CHttpException.404] exception 'CHttpException' with message 'Unable to resolve the request "assets/css/arrow.png".' in /home/rcomaz5/public_html/kibrit.tech/yoo/framework/web/CUrlManager.php:374
Stack trace:
#0 /home/rcomaz5/public_html/kibrit.tech/yoo/framework/web/CWebApplication.php(140): CUrlManager->parseUrl(Object(CHttpRequest))
#1 /home/rcomaz5/public_html/kibrit.tech/yoo/framework/base/CApplication.php(180): CWebApplication->processRequest()
#2 /home/rcomaz5/public_html/kibrit.tech/index.php(129): CApplication->run()
#3 {main}
REQUEST_URI=/assets/css/arrow.png
HTTP_REFERER=http://kibrit.tech/assets/css/merged.min.css
---
2018/12/12 10:59:49 [error] [exception.CHttpException.404] exception 'CHttpException' with message 'Unable to resolve the request "assets/css/arrow.png".' in /home/rcomaz5/public_html/kibrit.tech/yoo/framework/web/CUrlManager.php:374
Stack trace:
#0 /home/rcomaz5/public_html/kibrit.tech/yoo/framework/web/CWebApplication.php(140): CUrlManager->parseUrl(Object(CHttpRequest))
#1 /home/rcomaz5/public_html/kibrit.tech/yoo/framework/base/CApplication.php(180): CWebApplication->processRequest()
#2 /home/rcomaz5/public_html/kibrit.tech/index.php(129): CApplication->run()
#3 {main}
REQUEST_URI=/assets/css/arrow.png
HTTP_REFERER=http://kibrit.tech/assets/css/merged.min.css
---
2018/12/12 11:00:17 [error] [exception.CHttpException.404] exception 'CHttpException' with message 'Unable to resolve the request "assets/css/arrow.png".' in /home/rcomaz5/public_html/kibrit.tech/yoo/framework/web/CUrlManager.php:374
Stack trace:
#0 /home/rcomaz5/public_html/kibrit.tech/yoo/framework/web/CWebApplication.php(140): CUrlManager->parseUrl(Object(CHttpRequest))
#1 /home/rcomaz5/public_html/kibrit.tech/yoo/framework/base/CApplication.php(180): CWebApplication->processRequest()
#2 /home/rcomaz5/public_html/kibrit.tech/index.php(129): CApplication->run()
#3 {main}
REQUEST_URI=/assets/css/arrow.png
HTTP_REFERER=http://kibrit.tech/assets/css/merged.min.css
---
2018/12/12 11:00:24 [error] [exception.CHttpException.404] exception 'CHttpException' with message 'Unable to resolve the request "assets/css/arrow.png".' in /home/rcomaz5/public_html/kibrit.tech/yoo/framework/web/CUrlManager.php:374
Stack trace:
#0 /home/rcomaz5/public_html/kibrit.tech/yoo/framework/web/CWebApplication.php(140): CUrlManager->parseUrl(Object(CHttpRequest))
#1 /home/rcomaz5/public_html/kibrit.tech/yoo/framework/base/CApplication.php(180): CWebApplication->processRequest()
#2 /home/rcomaz5/public_html/kibrit.tech/index.php(129): CApplication->run()
#3 {main}
REQUEST_URI=/assets/css/arrow.png
HTTP_REFERER=http://kibrit.tech/assets/css/merged.min.css
---
2018/12/12 11:00:45 [error] [exception.CHttpException.404] exception 'CHttpException' with message 'Unable to resolve the request "assets/css/arrow.png".' in /home/rcomaz5/public_html/kibrit.tech/yoo/framework/web/CUrlManager.php:374
Stack trace:
#0 /home/rcomaz5/public_html/kibrit.tech/yoo/framework/web/CWebApplication.php(140): CUrlManager->parseUrl(Object(CHttpRequest))
#1 /home/rcomaz5/public_html/kibrit.tech/yoo/framework/base/CApplication.php(180): CWebApplication->processRequest()
#2 /home/rcomaz5/public_html/kibrit.tech/index.php(129): CApplication->run()
#3 {main}
REQUEST_URI=/assets/css/arrow.png
HTTP_REFERER=http://kibrit.tech/assets/css/merged.min.css
---
2018/12/12 11:00:59 [error] [exception.CHttpException.404] exception 'CHttpException' with message 'Unable to resolve the request "assets/css/arrow.png".' in /home/rcomaz5/public_html/kibrit.tech/yoo/framework/web/CUrlManager.php:374
Stack trace:
#0 /home/rcomaz5/public_html/kibrit.tech/yoo/framework/web/CWebApplication.php(140): CUrlManager->parseUrl(Object(CHttpRequest))
#1 /home/rcomaz5/public_html/kibrit.tech/yoo/framework/base/CApplication.php(180): CWebApplication->processRequest()
#2 /home/rcomaz5/public_html/kibrit.tech/index.php(129): CApplication->run()
#3 {main}
REQUEST_URI=/assets/css/arrow.png
HTTP_REFERER=http://kibrit.tech/assets/css/merged.min.css
---
2018/12/12 11:01:02 [error] [exception.CHttpException.404] exception 'CHttpException' with message 'Unable to resolve the request "assets/css/arrow.png".' in /home/rcomaz5/public_html/kibrit.tech/yoo/framework/web/CUrlManager.php:374
Stack trace:
#0 /home/rcomaz5/public_html/kibrit.tech/yoo/framework/web/CWebApplication.php(140): CUrlManager->parseUrl(Object(CHttpRequest))
#1 /home/rcomaz5/public_html/kibrit.tech/yoo/framework/base/CApplication.php(180): CWebApplication->processRequest()
#2 /home/rcomaz5/public_html/kibrit.tech/index.php(129): CApplication->run()
#3 {main}
REQUEST_URI=/assets/css/arrow.png
HTTP_REFERER=http://kibrit.tech/assets/css/merged.min.css
---
2018/12/12 11:01:09 [error] [exception.CHttpException.404] exception 'CHttpException' with message 'Unable to resolve the request "assets/css/arrow.png".' in /home/rcomaz5/public_html/kibrit.tech/yoo/framework/web/CUrlManager.php:374
Stack trace:
#0 /home/rcomaz5/public_html/kibrit.tech/yoo/framework/web/CWebApplication.php(140): CUrlManager->parseUrl(Object(CHttpRequest))
#1 /home/rcomaz5/public_html/kibrit.tech/yoo/framework/base/CApplication.php(180): CWebApplication->processRequest()
#2 /home/rcomaz5/public_html/kibrit.tech/index.php(129): CApplication->run()
#3 {main}
REQUEST_URI=/assets/css/arrow.png
HTTP_REFERER=http://kibrit.tech/assets/css/merged.min.css
---
2018/12/12 11:01:52 [error] [exception.CHttpException.404] exception 'CHttpException' with message 'Unable to resolve the request "assets/css/arrow.png".' in /home/rcomaz5/public_html/kibrit.tech/yoo/framework/web/CUrlManager.php:374
Stack trace:
#0 /home/rcomaz5/public_html/kibrit.tech/yoo/framework/web/CWebApplication.php(140): CUrlManager->parseUrl(Object(CHttpRequest))
#1 /home/rcomaz5/public_html/kibrit.tech/yoo/framework/base/CApplication.php(180): CWebApplication->processRequest()
#2 /home/rcomaz5/public_html/kibrit.tech/index.php(129): CApplication->run()
#3 {main}
REQUEST_URI=/assets/css/arrow.png
HTTP_REFERER=http://kibrit.tech/assets/css/merged.min.css
---
2018/12/12 11:03:47 [error] [exception.CHttpException.404] exception 'CHttpException' with message 'Unable to resolve the request "wp-login.php".' in /home/rcomaz5/public_html/kibrit.tech/yoo/framework/web/CUrlManager.php:374
Stack trace:
#0 /home/rcomaz5/public_html/kibrit.tech/yoo/framework/web/CWebApplication.php(140): CUrlManager->parseUrl(Object(CHttpRequest))
#1 /home/rcomaz5/public_html/kibrit.tech/yoo/framework/base/CApplication.php(180): CWebApplication->processRequest()
#2 /home/rcomaz5/public_html/kibrit.tech/index.php(129): CApplication->run()
#3 {main}
REQUEST_URI=/wp-login.php
---
2018/12/12 11:05:16 [error] [exception.CHttpException.404] exception 'CHttpException' with message 'Unable to resolve the request "assets/css/arrow.png".' in /home/rcomaz5/public_html/kibrit.tech/yoo/framework/web/CUrlManager.php:374
Stack trace:
#0 /home/rcomaz5/public_html/kibrit.tech/yoo/framework/web/CWebApplication.php(140): CUrlManager->parseUrl(Object(CHttpRequest))
#1 /home/rcomaz5/public_html/kibrit.tech/yoo/framework/base/CApplication.php(180): CWebApplication->processRequest()
#2 /home/rcomaz5/public_html/kibrit.tech/index.php(129): CApplication->run()
#3 {main}
REQUEST_URI=/assets/css/arrow.png
HTTP_REFERER=http://kibrit.tech/assets/css/merged.min.css
---
2018/12/12 11:05:28 [error] [exception.CHttpException.404] exception 'CHttpException' with message 'Unable to resolve the request "assets/css/arrow.png".' in /home/rcomaz5/public_html/kibrit.tech/yoo/framework/web/CUrlManager.php:374
Stack trace:
#0 /home/rcomaz5/public_html/kibrit.tech/yoo/framework/web/CWebApplication.php(140): CUrlManager->parseUrl(Object(CHttpRequest))
#1 /home/rcomaz5/public_html/kibrit.tech/yoo/framework/base/CApplication.php(180): CWebApplication->processRequest()
#2 /home/rcomaz5/public_html/kibrit.tech/index.php(129): CApplication->run()
#3 {main}
REQUEST_URI=/assets/css/arrow.png
HTTP_REFERER=http://kibrit.tech/assets/css/merged.min.css
---
2018/12/12 11:09:43 [error] [exception.CHttpException.404] exception 'CHttpException' with message 'Unable to resolve the request "assets/css/arrow.png".' in /home/rcomaz5/public_html/kibrit.tech/yoo/framework/web/CUrlManager.php:374
Stack trace:
#0 /home/rcomaz5/public_html/kibrit.tech/yoo/framework/web/CWebApplication.php(140): CUrlManager->parseUrl(Object(CHttpRequest))
#1 /home/rcomaz5/public_html/kibrit.tech/yoo/framework/base/CApplication.php(180): CWebApplication->processRequest()
#2 /home/rcomaz5/public_html/kibrit.tech/index.php(129): CApplication->run()
#3 {main}
REQUEST_URI=/assets/css/arrow.png
HTTP_REFERER=http://kibrit.tech/ru
---
2018/12/12 11:17:42 [error] [exception.CHttpException.404] exception 'CHttpException' with message 'Unable to resolve the request "assets/css/arrow.png".' in /home/rcomaz5/public_html/kibrit.tech/yoo/framework/web/CUrlManager.php:374
Stack trace:
#0 /home/rcomaz5/public_html/kibrit.tech/yoo/framework/web/CWebApplication.php(140): CUrlManager->parseUrl(Object(CHttpRequest))
#1 /home/rcomaz5/public_html/kibrit.tech/yoo/framework/base/CApplication.php(180): CWebApplication->processRequest()
#2 /home/rcomaz5/public_html/kibrit.tech/index.php(129): CApplication->run()
#3 {main}
REQUEST_URI=/assets/css/arrow.png
HTTP_REFERER=http://kibrit.tech/assets/css/merged.min.css
---
2018/12/12 11:17:46 [error] [exception.CHttpException.404] exception 'CHttpException' with message 'Unable to resolve the request "assets/css/arrow.png".' in /home/rcomaz5/public_html/kibrit.tech/yoo/framework/web/CUrlManager.php:374
Stack trace:
#0 /home/rcomaz5/public_html/kibrit.tech/yoo/framework/web/CWebApplication.php(140): CUrlManager->parseUrl(Object(CHttpRequest))
#1 /home/rcomaz5/public_html/kibrit.tech/yoo/framework/base/CApplication.php(180): CWebApplication->processRequest()
#2 /home/rcomaz5/public_html/kibrit.tech/index.php(129): CApplication->run()
#3 {main}
REQUEST_URI=/assets/css/arrow.png
HTTP_REFERER=http://kibrit.tech/assets/css/merged.min.css
---
2018/12/12 11:23:47 [error] [exception.CHttpException.404] exception 'CHttpException' with message 'Unable to resolve the request "assets/css/arrow.png".' in /home/rcomaz5/public_html/kibrit.tech/yoo/framework/web/CUrlManager.php:374
Stack trace:
#0 /home/rcomaz5/public_html/kibrit.tech/yoo/framework/web/CWebApplication.php(140): CUrlManager->parseUrl(Object(CHttpRequest))
#1 /home/rcomaz5/public_html/kibrit.tech/yoo/framework/base/CApplication.php(180): CWebApplication->processRequest()
#2 /home/rcomaz5/public_html/kibrit.tech/index.php(129): CApplication->run()
#3 {main}
REQUEST_URI=/assets/css/arrow.png
HTTP_REFERER=http://kibrit.tech/assets/css/merged.min.css
---
2018/12/12 11:30:08 [error] [exception.CHttpException.404] exception 'CHttpException' with message 'Unable to resolve the request "wp-login.php".' in /home/rcomaz5/public_html/kibrit.tech/yoo/framework/web/CUrlManager.php:374
Stack trace:
#0 /home/rcomaz5/public_html/kibrit.tech/yoo/framework/web/CWebApplication.php(140): CUrlManager->parseUrl(Object(CHttpRequest))
#1 /home/rcomaz5/public_html/kibrit.tech/yoo/framework/base/CApplication.php(180): CWebApplication->processRequest()
#2 /home/rcomaz5/public_html/kibrit.tech/index.php(129): CApplication->run()
#3 {main}
REQUEST_URI=/wp-login.php
---
2018/12/12 11:37:41 [error] [exception.CHttpException.404] exception 'CHttpException' with message 'Unable to resolve the request "assets/css/arrow.png".' in /home/rcomaz5/public_html/kibrit.tech/yoo/framework/web/CUrlManager.php:374
Stack trace:
#0 /home/rcomaz5/public_html/kibrit.tech/yoo/framework/web/CWebApplication.php(140): CUrlManager->parseUrl(Object(CHttpRequest))
#1 /home/rcomaz5/public_html/kibrit.tech/yoo/framework/base/CApplication.php(180): CWebApplication->processRequest()
#2 /home/rcomaz5/public_html/kibrit.tech/index.php(129): CApplication->run()
#3 {main}
REQUEST_URI=/assets/css/arrow.png
HTTP_REFERER=http://kibrit.tech/assets/css/merged.min.css
---
2018/12/12 11:37:45 [error] [exception.CHttpException.404] exception 'CHttpException' with message 'Unable to resolve the request "assets/css/arrow.png".' in /home/rcomaz5/public_html/kibrit.tech/yoo/framework/web/CUrlManager.php:374
Stack trace:
#0 /home/rcomaz5/public_html/kibrit.tech/yoo/framework/web/CWebApplication.php(140): CUrlManager->parseUrl(Object(CHttpRequest))
#1 /home/rcomaz5/public_html/kibrit.tech/yoo/framework/base/CApplication.php(180): CWebApplication->processRequest()
#2 /home/rcomaz5/public_html/kibrit.tech/index.php(129): CApplication->run()
#3 {main}
REQUEST_URI=/assets/css/arrow.png
HTTP_REFERER=http://kibrit.tech/assets/css/merged.min.css
---
2018/12/12 11:37:48 [error] [exception.CHttpException.404] exception 'CHttpException' with message 'Unable to resolve the request "assets/css/arrow.png".' in /home/rcomaz5/public_html/kibrit.tech/yoo/framework/web/CUrlManager.php:374
Stack trace:
#0 /home/rcomaz5/public_html/kibrit.tech/yoo/framework/web/CWebApplication.php(140): CUrlManager->parseUrl(Object(CHttpRequest))
#1 /home/rcomaz5/public_html/kibrit.tech/yoo/framework/base/CApplication.php(180): CWebApplication->processRequest()
#2 /home/rcomaz5/public_html/kibrit.tech/index.php(129): CApplication->run()
#3 {main}
REQUEST_URI=/assets/css/arrow.png
HTTP_REFERER=http://kibrit.tech/assets/css/merged.min.css
---
2018/12/12 11:38:46 [error] [exception.CHttpException.404] exception 'CHttpException' with message 'Unable to resolve the request "assets/css/arrow.png".' in /home/rcomaz5/public_html/kibrit.tech/yoo/framework/web/CUrlManager.php:374
Stack trace:
#0 /home/rcomaz5/public_html/kibrit.tech/yoo/framework/web/CWebApplication.php(140): CUrlManager->parseUrl(Object(CHttpRequest))
#1 /home/rcomaz5/public_html/kibrit.tech/yoo/framework/base/CApplication.php(180): CWebApplication->processRequest()
#2 /home/rcomaz5/public_html/kibrit.tech/index.php(129): CApplication->run()
#3 {main}
REQUEST_URI=/assets/css/arrow.png
HTTP_REFERER=http://kibrit.tech/assets/css/merged.min.css
---
2018/12/21 15:25:05 [error] [exception.CDbException] SQLSTATE[HY000] [1045] Access denied for user 'rcomaz5_new'@'localhost' (using password: YES)
2018/12/21 15:25:05 [error] [exception.CDbException] exception 'CDbException' with message 'CDbConnection failed to open the DB connection.' in C:\Users\akhalafbayli\Downloads\OSPanel\domains\kibrit\yoo\framework\db\CDbConnection.php:388
Stack trace:
#0 C:\Users\akhalafbayli\Downloads\OSPanel\domains\kibrit\yoo\framework\db\CDbConnection.php(330): CDbConnection->open()
#1 C:\Users\akhalafbayli\Downloads\OSPanel\domains\kibrit\yoo\framework\db\CDbConnection.php(308): CDbConnection->setActive(true)
#2 C:\Users\akhalafbayli\Downloads\OSPanel\domains\kibrit\yoo\framework\base\CModule.php(387): CDbConnection->init()
#3 C:\Users\akhalafbayli\Downloads\OSPanel\domains\kibrit\yoo\framework\base\CApplication.php(450): CModule->getComponent('db')
#4 C:\Users\akhalafbayli\Downloads\OSPanel\domains\kibrit\yoo\framework\db\ar\CActiveRecord.php(634): CApplication->getDb()
#5 C:\Users\akhalafbayli\Downloads\OSPanel\domains\kibrit\yoo\framework\db\ar\CActiveRecord.php(113): CActiveRecord->getDbConnection()
#6 C:\Users\akhalafbayli\Downloads\OSPanel\domains\kibrit\protected\components\Controller.php(40): CActiveRecord->cache(3600)
#7 C:\Users\akhalafbayli\Downloads\OSPanel\domains\kibrit\yoo\framework\web\CWebApplication.php(281): Controller->init()
#8 C:\Users\akhalafbayli\Downloads\OSPanel\domains\kibrit\yoo\framework\web\CWebApplication.php(141): CWebApplication->runController('site/index')
#9 C:\Users\akhalafbayli\Downloads\OSPanel\domains\kibrit\yoo\framework\base\CApplication.php(180): CWebApplication->processRequest()
#10 C:\Users\akhalafbayli\Downloads\OSPanel\domains\kibrit\index.php(129): CApplication->run()
#11 {main}
REQUEST_URI=/
---
2018/12/21 15:25:07 [error] [exception.CDbException] SQLSTATE[HY000] [1045] Access denied for user 'rcomaz5_new'@'localhost' (using password: YES)
2018/12/21 15:29:59 [error] [exception.CHttpException.404] exception 'CHttpException' with message 'Unable to resolve the request "assets/css/arrow.png".' in C:\Users\akhalafbayli\Downloads\OSPanel\domains\kibrit\yoo\framework\web\CUrlManager.php:374
Stack trace:
#0 C:\Users\akhalafbayli\Downloads\OSPanel\domains\kibrit\yoo\framework\web\CWebApplication.php(140): CUrlManager->parseUrl(Object(CHttpRequest))
#1 C:\Users\akhalafbayli\Downloads\OSPanel\domains\kibrit\yoo\framework\base\CApplication.php(180): CWebApplication->processRequest()
#2 C:\Users\akhalafbayli\Downloads\OSPanel\domains\kibrit\index.php(129): CApplication->run()
#3 {main}
REQUEST_URI=/assets/css/arrow.png
HTTP_REFERER=http://kibrit.new/assets/css/merged.min.css
---
2018/12/21 15:34:22 [error] [exception.CHttpException.404] exception 'CHttpException' with message 'Unable to resolve the request "assets/css/arrow.png".' in C:\Users\akhalafbayli\Downloads\OSPanel\domains\kibrit\yoo\framework\web\CUrlManager.php:374
Stack trace:
#0 C:\Users\akhalafbayli\Downloads\OSPanel\domains\kibrit\yoo\framework\web\CWebApplication.php(140): CUrlManager->parseUrl(Object(CHttpRequest))
#1 C:\Users\akhalafbayli\Downloads\OSPanel\domains\kibrit\yoo\framework\base\CApplication.php(180): CWebApplication->processRequest()
#2 C:\Users\akhalafbayli\Downloads\OSPanel\domains\kibrit\index.php(129): CApplication->run()
#3 {main}
REQUEST_URI=/assets/css/arrow.png
HTTP_REFERER=http://kibrit.new/assets/css/merged.min.css
---
2018/12/21 15:50:42 [error] [exception.CHttpException.404] exception 'CHttpException' with message 'Unable to resolve the request "assets/css/arrow.png".' in C:\Users\akhalafbayli\Downloads\OSPanel\domains\kibrit\yoo\framework\web\CUrlManager.php:374
Stack trace:
#0 C:\Users\akhalafbayli\Downloads\OSPanel\domains\kibrit\yoo\framework\web\CWebApplication.php(140): CUrlManager->parseUrl(Object(CHttpRequest))
#1 C:\Users\akhalafbayli\Downloads\OSPanel\domains\kibrit\yoo\framework\base\CApplication.php(180): CWebApplication->processRequest()
#2 C:\Users\akhalafbayli\Downloads\OSPanel\domains\kibrit\index.php(129): CApplication->run()
#3 {main}
REQUEST_URI=/assets/css/arrow.png
HTTP_REFERER=http://kibrit.new/assets/css/merged.min.css
---
